Case #1: 1.00000000 6.00000000
Case #2: 0.00000000 1.00000000
Case #3: 3.36340601 1.00000000
Case #4: 0.12856487 7.13333333
Case #5: 1800.00000000 0.00000000
Case #6: 242.25064959 0.00000000
Case #7: 190.41297550 0.00000000
Case #8: 219.94640175 0.00000000
Case #9: 386.33028357 0.00000000
Case #10: 130.90873152 0.00000000
Case #11: 0.00000000 0.00000000
Case #12: 0.00000000 0.00000000
Case #13: 0.00000000 0.00000000
Case #14: 0.00000000 0.00000000
Case #15: 0.00000000 0.00000000
Case #16: 0.00000000 0.00000000
Case #17: 0.00000000 3.60000000
Case #18: 0.00000000 0.70588235
Case #19: 0.00000000 2.00000000
Case #20: 0.00000000 0.94444444
Case #21: 0.00000000 0.16666667
Case #22: 0.00000000 1.11111111
Case #23: 0.00000000 5.00000000
Case #24: 0.00000000 0.38888889
Case #25: 0.00000000 0.66666667
Case #26: 0.00000000 1.00000000
Case #27: 0.00000000 1.23076923
Case #28: 0.00000000 0.33333333
Case #29: 0.00000000 0.25000000
Case #30: 8660.25403784 0.00000000
Case #31: 0.00000000 2500000.00000000
Case #32: 0.62873130 3.42649988
Case #33: 2.02681413 2.07600643
Case #34: 5.19385504 4.10238227
Case #35: 4.76005094 1.80460318
Case #36: 1.41169552 1.37387139
Case #37: 5.97363731 2.89234867
Case #38: 0.95035205 0.96477962
Case #39: 2.05755380 2.44273226
Case #40: 4.37658744 2.37099777
Case #41: 5.02197697 2.07111816
Case #42: 12.04633040 8.09949756
Case #43: 12.96756954 1.99749782
Case #44: 15.08644798 4.33671603
Case #45: 23.19578164 0.00000000
Case #46: 38.95028883 0.00000000
Case #47: 38.62745457 0.00000000
Case #48: 264.97463191 0.00000000
Case #49: 20.12530193 0.00000000
Case #50: 17.20041434 0.00000000
Case #51: 52.12831273 0.00000000
Case #52: 287.38155821 0.00000000
Case #53: 32.72063569 0.00000000
Case #54: 6.15603594 0.00000000
Case #55: 0.70518006 2.13333333
Case #56: 0.46039070 0.71111111
Case #57: 0.82906389 0.00000000
Case #58: 1.31980017 0.79032258
Case #59: 1.41676369 1.36064257
Case #60: 2.10931499 0.37272429
Case #61: 5.52883597 0.05322763
Case #62: 7.98397155 0.00000000
Case #63: 1.80732688 0.08792402
Case #64: 3.83101070 0.97009612
Case #65: 2.67667172 1.07971746
Case #66: 4.25200487 0.00000000
Case #67: 6.09629446 2.36526946
Case #68: 4.39183564 1.36349925
Case #69: 4.97828573 0.87403799
Case #70: 5.59442580 0.00000000
Case #71: 2.76804080 0.00000000
Case #72: 2.71016388 0.11951625
Case #73: 2.68495519 0.00000000
Case #74: 1.91373979 0.00000000
Case #75: 5.25390810 0.00000000
Case #76: 7.52616116 0.00157134
Case #77: 6.78126369 0.00000000
Case #78: 2.67265314 0.02034808
Case #79: 263.86205203 0.00000000
Case #80: 625.61095034 19.56620419
Case #81: 131.86448230 22.89830628
Case #82: 720.58959259 0.00000000
Case #83: 4381.66363953 0.00000000
Case #84: 544.76028590 0.00000000
Case #85: 825.82048005 0.00000000
Case #86: 880.50196552 1.06223439
Case #87: 765.36819389 0.00000000
Case #88: 153.26023991 0.28387675
Case #89: 2029.58860902 0.00000000
Case #90: 506.39050987 0.76718450
Case #91: 761.24114479 0.48123600
Case #92: 245.62070094 0.24999234
Case #93: 85.83159383 0.00000000
Case #94: 747.90355769 0.00000000
Case #95: 502.87008262 0.23177434
Case #96: 550.12550770 0.00000000
Case #97: 676.68737592 0.00000000
Case #98: 423.80771100 0.41691701
Case #99: 499.05674948 0.68346510
Case #100: 24.23101047 0.00000000
