Case #1: 1.00000000 6.00000000
Case #2: 0.00000000 1.00000000
Case #3: 3.36340601 1.00000000
Case #4: 0.35355339 7.13333333
Case #5: 1800.00000000 0.00000000
Case #6: 1635.19188476 0.00000000
Case #7: 837.81709221 0.00000000
Case #8: 1539.62481225 0.00000000
Case #9: 1073.13967657 0.00000000
Case #10: 850.90675491 0.00000000
Case #11: 0.00000000 0.00000000
Case #12: 0.00000000 0.00000000
Case #13: 0.00000000 0.00000000
Case #14: 0.00000000 0.00000000
Case #15: 0.00000000 0.00000000
Case #16: 0.00000000 0.00000000
Case #17: 0.00000000 0.60000000
Case #18: 0.00000000 0.85000000
Case #19: 0.00000000 1.53846154
Case #20: 0.00000000 0.84615385
Case #21: 0.00000000 0.50000000
Case #22: 0.00000000 0.44444444
Case #23: 0.00000000 5.33333333
Case #24: 0.00000000 18.00000000
Case #25: 0.00000000 1.70000000
Case #26: 0.00000000 0.66666667
Case #27: 0.00000000 0.83333333
Case #28: 0.00000000 1.00000000
Case #29: 0.00000000 0.33333333
Case #30: 77.73024092 12.31593486
Case #31: 16.04242657 10.17860988
Case #32: 8.39464663 3.25641210
Case #33: 3.49507111 1.90035167
Case #34: 23.94992612 5.04546658
Case #35: 26.91400106 2.93314319
Case #36: 52.09367708 3.21518977
Case #37: 50.56950197 5.05042305
Case #38: 29.54899134 1.25334531
Case #39: 28.02708195 3.81493084
Case #40: 51.95756482 5.44397360
Case #41: 12.23752116 1.82172904
Case #42: 107.26581677 17.50613920
Case #43: 128.36038676 0.00000000
Case #44: 185.24621454 0.00000000
Case #45: 128.08542072 0.00000000
Case #46: 106.15761866 0.00000000
Case #47: 350.17932906 0.00000000
Case #48: 199.11775411 0.00000000
Case #49: 128.97674209 0.00000000
Case #50: 222.08423233 0.00000000
Case #51: 135.65932745 0.00000000
Case #52: 230.59481510 0.00000000
Case #53: 1.60356745 0.00000000
Case #54: 1.03002107 0.67924528
Case #55: 1.78401683 0.45000000
Case #56: 4.45112345 0.00000000
Case #57: 7.68114575 0.00000000
Case #58: 8.43726852 0.00000000
Case #59: 6.54293512 0.00000000
Case #60: 5.23756611 0.00000000
Case #61: 6.20322497 0.00000000
Case #62: 10.61501594 0.37390181
Case #63: 4.35086198 0.00000000
Case #64: 4.64670170 0.00000000
Case #65: 8.51473335 1.35499316
Case #66: 14.29214141 0.00000000
Case #67: 2.48117916 0.00000000
Case #68: 19.06865794 0.73374051
Case #69: 10.44916422 0.59778470
Case #70: 17.92394298 0.00730244
Case #71: 22.56102835 0.00000000
Case #72: 7.74964901 0.00073905
Case #73: 7.40466522 0.00025754
Case #74: 5.15557950 0.00000000
Case #75: 13.18655435 0.00694880
Case #76: 7.92589230 0.01303967
Case #77: 243.79977056 0.00000000
Case #78: 1202.76549391 0.00000000
Case #79: 1152.71430104 19.71378825
Case #80: 2044.80331165 0.00000000
Case #81: 2221.65241024 46.75659824
Case #82: 649.57182384 0.10257802
Case #83: 1245.76577855 0.00000000
Case #84: 33.57677769 0.00000000
Case #85: 67.01248993 0.00148185
Case #86: 332.21087053 0.00000000
Case #87: 734.46542373 0.45659875
Case #88: 59.60743351 0.00726591
Case #89: 1694.09057443 3.17491562
Case #90: 387.11926655 0.00000000
Case #91: 896.72757677 0.00000000
Case #92: 523.01021740 0.00000000
Case #93: 196.37988387 0.01335906
Case #94: 1143.37321663 0.00000000
Case #95: 998.31251447 0.00000000
Case #96: 2361.25832555 0.00000000
Case #97: 698.28803000 0.00000000
Case #98: 1373.92919921 0.00000000
Case #99: 137.77052932 0.00000000
Case #100: 1799.74812040 0.00000000
