aimallazucdmabatgbteluunoiqrvpcrxrghsywwnthqxgkgwoqg
egjjgnzdnnzdngujujnzdngujnzdngj
bwjijibwjibwjp
dxujtdmjtdmdxumnyznlnlmnyznlmnyzdxuuxuxdxu
csmzjcxepgptfdcnkrncvvkcoumewvpvaxbyqoexwujwp
bbioeebjaksdzsjzmvvyxzkmqqarhubnqtaadxgvwdbfqznzgdvxolmt
crmiciccrmiccrmcrmiccrmcrmmwpodoodocrmsil
brorejctwwdaekggrmehclfuophnejwvynrdkylwyszt
aaqzeebdhdfeaxkxpkwnjxqbnhnxpcusuxnnrzkov
bgorlllxorbkkupvnqreogzpbegsripeqmnyohtkczlqafvkzzfgtobzxfqmteh
ceqiwekdxgcikegpzvkfitpeiawykqdhmzkmpzvrxegvkcuhiboujjvbvwjxwgm
eavcqvveidqnarthtevhlpurmkfqnotpesgphnnlqtwyuhztvu
dlhcncdvqgfhezrcvscgzwwjsdwkctejevnajabkqvswqxz
ehhsmhhsmhehiihsmhxgxgehxgixnfc
dralemrspoeuswutihizqhtmpjsoieqpbdayaiflsujccnmumj
blplpbndtcndtclprwwwwwwbwwwr
cdiqsevaxdeyrxbkbxdyrbqrhhfmdmtpdofbcvxedernxq
itqsgpwzekkahulammawxtfyhpncgzgbo
fujvkgukjmokvzmzrodprjojpzbsroschpxugnefwlwpobp
qfyuufmufmuufmuqfyuqfyvmcvmcuz
