Case #1: [E, A]
Case #2: [R, I, R]
Case #3: [F, D, T]
Case #4: [Z, E, R, A]
Case #5: []
Case #6: [L, Q]
Case #7: [D, M, L, M, H, V, X, J, Q]
Case #8: [F, Q]
Case #9: [E, K]
Case #10: [T, H, E, C, A, K, E, I, S, A, L, I, E]
Case #11: [E, J, H, K, P]
Case #12: [Z, Z, Z, Z, Z, Z, Z, Z, Z, Z, Z, Z, Z, Z, Z, Z, Z, Z, Z, Z, Z, Z, Z, Z, Z, Z, Z, Z, Z, Z, Z, Z, Z, Z, Z, Z, Z, Z, Z, Z, Z, Z, Z, Z, Z, Z, Z, Z]
Case #13: [A, W, A, R, E, N, E, S, S]
Case #14: []
Case #15: []
Case #16: [E, O, D, L, I, J, M, Y, B, M, U, R, M, O, P, A, Y, S, S, Y]
Case #17: [J, K, K, B]
Case #18: []
Case #19: [D, R, P, P, S]
Case #20: [K, J, P, P, A]
Case #21: [U, J, I]
Case #22: [B, G, N, P, K, C, G, H]
Case #23: [E, V, V, V, V, V, F, H]
Case #24: [E, D]
Case #25: [H, T]
Case #26: [T]
Case #27: [B, X, H, J, L, K]
Case #28: [Q]
Case #29: [B, A]
Case #30: [I, K, Z, K, H]
Case #31: [A]
Case #32: []
Case #33: [F]
Case #34: [H, M, H, J, Y]
Case #35: []
Case #36: [K, G, G, P, A, D]
Case #37: [J, M, L, U]
Case #38: [Q]
Case #39: [N, K, J, H]
Case #40: [N, L]
Case #41: [D, E, A, F, D, E, A, R, S]
Case #42: [W]
Case #43: [C, V, O, M, V, S]
Case #44: [Q, Q, W, E, R, G, D, F, S]
Case #45: [I]
Case #46: [P, L, O]
Case #47: [R]
Case #48: [Z, Z, Z, Z, Z]
Case #49: [F, R, I, D, A, Y, F, R, I, D, A, Y, G, O, T, T, A, G, E, T, D, O, W, N, O, N, F, R, I, D, A, Y]
Case #50: [Z, T, X, D]
Case #51: [I, Z, H]
Case #52: [F, Z, E]
Case #53: [Q, K, S, R, N]
Case #54: [A, A, A, A, A, A, A, A, A, A]
Case #55: [Q, T, O, O, U, U, F, E, E]
Case #56: [V, C, Y]
Case #57: [C, L, P]
Case #58: [U, E]
Case #59: []
Case #60: [X]
Case #61: [Y, X, N, W, F]
Case #62: [E, X, E, E, S, K, L, P, U, P, R, C, N, U, Z, L]
Case #63: [S, V, J, G]
Case #64: [T, K, O, U, K, A]
Case #65: [J, G, G, Z, B, B, Y, Y, P, G, J, G, U, H, M, Z, B, H, N, G, H, H, K, H, G, Z, J, J, H, P, K, P, P, L, G, P, P, Z, Y, T, G, G, V, O, M, X, G, H, A]
Case #66: [N, P, V, L, E]
Case #67: [B, T, L, J, Y, V, V, U]
Case #68: []
Case #69: [X, Z, C, C, A, J, A, J, A, Z, V, B, X, F, F, T, F, D, A, J, B, H, E, C, I, Y, U, Z, E, M, H, Y, Y, Q, J, W, C, P, E, X, Y, U, I, G, T, H, K, B, D]
Case #70: [G, M]
Case #71: []
Case #72: [K, I, I, Z]
Case #73: [E]
Case #74: [L, V, W, T, M, N, P, K, S, W, I, Y, O, H, E, S, H, V, Y, J, J, H, G, Z, V, W, J, I, V, S, Y, K, B, O, N, J, N, Q, S, U, U, V, E, P, P, W, L, G, N, M]
Case #75: [S, S]
Case #76: [Q]
Case #77: []
Case #78: [K, P, E]
Case #79: [F]
Case #80: [U, T]
Case #81: []
Case #82: [I, U, E]
Case #83: [M, O, H, K, W]
Case #84: [B, E, S, U, R, B, L, B, R, I, N, K, Y, O, U, R, O, V, A, L, T, I, N, E]
Case #85: []
Case #86: [F, I, R, S]
Case #87: []
Case #88: [E, D]
Case #89: [A]
Case #90: [I, E]
Case #91: [W, H, I, C, H, S, E, A, T, S, H, O, U, L, D, I, T, A, A, A, A, A, A, A, A, A, A, A, A, A, A, A, A, A, A, A, A, A, A, A, A, A, A, A, A, A, A, A, A, A, A, A, A, A, A, A, A, A, A, A, A, A, K, A, E]
Case #92: []
Case #93: [N, A, N, A, N, A, N, A, N, A, N, A, N, A, N, A, N, A, N, A, N, A, N, A, N, A, N, A, N, A, N, A, N, A, N, A, N, A, N, A, B, A, T, M, A, N]
Case #94: [A, K, Z, U, U, C, C, B, A, Z, Y, Y]
Case #95: [Y, G, I, I, Z, O]
Case #96: [K, T, W, W, Y, Q]
Case #97: [Q]
Case #98: []
Case #99: [X]
Case #100: [G, B, I, O, B, Y, G, L, L, M, H, L, K, X, L, K, M, L, O, T, M, G, T, O, K, H, L, H, K, G, J, C, Y, B, I, M, I, L, B, Z, J, G, Y, N, H, H]
