Case #1: Ffmwaeer is ruled by a king.
Case #2: Kvxfgvp is ruled by a king.
Case #3: Yyyyyyy is ruled by nobody.
Case #4: Yeavc is ruled by a king.
Case #5: Tcmke is ruled by a queen.
Case #6: Jngcj is ruled by a king.
Case #7: Sfiuleafgaapahjwteh is ruled by a king.
Case #8: Flilrjqfnxztqrsvbspd is ruled by a king.
Case #9: Slykajataxs is ruled by a king.
Case #10: Yentmroe is ruled by a queen.
Case #11: Lvotzomeqlftxzlzkbcb is ruled by a king.
Case #12: Dvd is ruled by a king.
Case #13: Zifktmoiksl is ruled by a king.
Case #14: Qdvadiwahoqakqzqw is ruled by a king.
Case #15: Ntgeiqvdgd is ruled by a king.
Case #16: Tgpojxqiyx is ruled by a king.
Case #17: Afadrrwsofsbcnuvqhfh is ruled by a king.
Case #18: Lygazxjndl is ruled by a king.
Case #19: Fypdksbhtaab is ruled by a king.
Case #20: Qxmwrqidrvmhlubbrykk is ruled by a king.
Case #21: Vdruypcnjulkfuzmxnao is ruled by a queen.
Case #22: Stnosvdkujcpwsdqhxrb is ruled by a king.
Case #23: Ahnvkplpfaotxngexrfv is ruled by a king.
Case #24: Bbjbrpmixfu is ruled by a queen.
Case #25: Eettwdnfnbyjvpds is ruled by a king.
Case #26: Lmwpmhwn is ruled by a king.
Case #27: Wjobspy is ruled by nobody.
Case #28: Idjcxjhrnh is ruled by a king.
Case #29: Wdia is ruled by a queen.
Case #30: Itcvogrp is ruled by a king.
Case #31: Heyvohletja is ruled by a queen.
Case #32: Nmixxsyjhovengbpyr is ruled by a king.
Case #33: Ysgefonexpmmu is ruled by a queen.
Case #34: Kyatryekijksvusc is ruled by a king.
Case #35: Tyyepfaesje is ruled by a queen.
Case #36: Asidzgwraatzzwpwmm is ruled by a king.
Case #37: Gboftv is ruled by a king.
Case #38: Bpnsoppvtleijpync is ruled by a king.
Case #39: Bfhbadvfuaaujxfrwb is ruled by a king.
Case #40: Lbznryjdohbvghmyux is ruled by a king.
Case #41: Zkhs is ruled by a king.
Case #42: Opmdgzqmkqza is ruled by a queen.
Case #43: Raaibo is ruled by a queen.
Case #44: Yyyyyyye is ruled by a queen.
Case #45: Jjpdjhb is ruled by a king.
Case #46: Flpbqsvtdwludsgaungk is ruled by a king.
Case #47: Nffeccbgqfmzjqta is ruled by a queen.
Case #48: Yyeqtujuiokcowp is ruled by a king.
Case #49: Ezwfpdawlohssvtqtn is ruled by a king.
Case #50: Nwlrbbmqbhcdarzowkka is ruled by a queen.
Case #51: Frkeecbpdipf is ruled by a king.
Case #52: Uefyyrdjadjegbsypv is ruled by a king.
Case #53: Wsiqyoygyxym is ruled by a king.
Case #54: Ivdez is ruled by a king.
Case #55: Oubutpnimuwff is ruled by a king.
Case #56: Ivrfxjujw is ruled by a king.
Case #57: Zamzpdnsjolvybl is ruled by a king.
Case #58: Zizily is ruled by nobody.
Case #59: Pctajxkixdf is ruled by a king.
Case #60: Zhsvbwczwtdfvirbl is ruled by a king.
Case #61: Uuvkesvjtdt is ruled by a king.
Case #62: Rwctdsneov is ruled by a king.
Case #63: Dvywhcoghotpusfgiese is ruled by a queen.
Case #64: Yadayadayada is ruled by a queen.
Case #65: Dzz is ruled by a king.
Case #66: Zptlpvooynyapgv is ruled by a king.
Case #67: Tpqhvokiiammqo is ruled by a queen.
Case #68: Bjtnmkjgncpmvauqgx is ruled by a king.
Case #69: Eslspn is ruled by a king.
Case #70: Ynzeavaacf is ruled by a king.
Case #71: Wwxyrhlsrdgqkr is ruled by a king.
Case #72: Xqgwdrygxrxkfhicaini is ruled by a queen.
Case #73: Gpqlwfkjqipuujvz is ruled by a king.
Case #74: Tqqeldacnnpjfea is ruled by a queen.
Case #75: Myldxukdnftprrumbd is ruled by a king.
Case #76: Qkvlfbhwcocpjmz is ruled by a king.
Case #77: Weqfmnmymtqrelel is ruled by a king.
Case #78: Palshgj is ruled by a king.
Case #79: Efszbexrl is ruled by a king.
Case #80: Lfuemdadgkhufsuevj is ruled by a king.
Case #81: Onnmoqklpeec is ruled by a king.
Case #82: Iupfxlu is ruled by a queen.
Case #83: Agc is ruled by a king.
Case #84: Yqcrglue is ruled by a queen.
Case #85: Tvkwwojr is ruled by a king.
Case #86: Niewqmoxkjwpymqorla is ruled by a queen.
Case #87: Ekxdlicjfqkkvn is ruled by a king.
Case #88: Jxvkqdors is ruled by a king.
Case #89: Lgdgwpbtrwblnsadeugo is ruled by a queen.
Case #90: Gzem is ruled by a king.
Case #91: Ewhtaciohordtqkvwcsm is ruled by a king.
Case #92: Uimydypvz is ruled by a king.
Case #93: Chvczysvdgcxbbiswmex is ruled by a king.
Case #94: Fmzhlvihjouvsuyoypat is ruled by a king.
Case #95: Vrlyauuzdrcnjkphr is ruled by a king.
Case #96: Diyobqfspvcoulcvdd is ruled by a king.
Case #97: Nojdjftqv is ruled by a king.
Case #98: Mjcxohqanxx is ruled by a king.
Case #99: Zhhvlxck is ruled by a king.
Case #100: Basjeuyh is ruled by a king.
Case #101: Ofrsotqiktl is ruled by a king.
Case #102: Zqfrpjvoa is ruled by a queen.
Case #103: Xnjcby is ruled by nobody.
Case #104: Jvbsoaix is ruled by a king.
Case #105: Lhqfdimnwzgsplorowm is ruled by a king.
Case #106: Tqvnxbslqzv is ruled by a king.
Case #107: Arsargkq is ruled by a king.
Case #108: Yvvburczmgyjgfdxvtnw is ruled by a king.
Case #109: Orbnjpzcxecvjs is ruled by a king.
Case #110: Qinntqmihntkddu is ruled by a queen.
Case #111: Ityjry is ruled by nobody.
Case #112: Ucltxmkpvgrrgl is ruled by a king.
Case #113: Ihbxio is ruled by a queen.
Case #114: Mitwcqqj is ruled by a king.
Case #115: Plyzedicwsodpwtqrb is ruled by a king.
Case #116: Hmgxwtoas is ruled by a king.
Case #117: Fwcsfmoxeqmrr is ruled by a king.
Case #118: Jugagloddktdjizyw is ruled by a king.
Case #119: Mwkucznvdgo is ruled by a queen.
Case #120: Qawim is ruled by a king.
Case #121: Avfauaosnlnvay is ruled by nobody.
Case #122: Czmaccgwigmrqcf is ruled by a king.
Case #123: Yay is ruled by nobody.
Case #124: Wtjypweuc is ruled by a king.
Case #125: Lrowrhwoqntclgm is ruled by a king.
Case #126: Esuoo is ruled by a queen.
Case #127: Nnofwltwjwnnvbwjx is ruled by a king.
Case #128: Mjrp is ruled by a king.
Case #129: Eziowoqjpiecu is ruled by a queen.
Case #130: Epfdn is ruled by a king.
Case #131: Hveixwjjrqopubjguxi is ruled by a queen.
Case #132: Nxvloyvgmliuqann is ruled by a king.
Case #133: Meouuzd is ruled by a king.
Case #134: Jlxnmddu is ruled by a queen.
Case #135: Nhkwpk is ruled by a king.
Case #136: Gzni is ruled by a queen.
Case #137: Yadayadayada is ruled by a queen.
Case #138: Vvuvsvhzkywhmgchqvdm is ruled by a king.
Case #139: Whxtembaqwqwpqhsuee is ruled by a queen.
Case #140: Xqmbfjxjcvudjsuyibyz is ruled by a king.
Case #141: Czybnvqqcqcjitlvcnc is ruled by a king.
Case #142: Nciazvrzyem is ruled by a king.
Case #143: Nyuqr is ruled by a king.
Case #144: Wcqeqaztkydwrbgxv is ruled by a king.
Case #145: Qzeqvlqmp is ruled by a king.
Case #146: Tni is ruled by a queen.
Case #147: Opmfpvomqueghdmk is ruled by a king.
Case #148: Pbegvsulb is ruled by a king.
Case #149: Vwcyaubwewpjvygehlj is ruled by a king.
Case #150: Khvihbg is ruled by a king.
Case #151: Eurageltkcapwpbqs is ruled by a king.
Case #152: Kxid is ruled by a king.
Case #153: Oyvez is ruled by a king.
Case #154: Qzncipttncjtj is ruled by a king.
Case #155: Rvqalwdf is ruled by a king.
Case #156: Fbrnm is ruled by a king.
Case #157: Lpccdyvnxmdmp is ruled by a king.
Case #158: Aaaaaaay is ruled by nobody.
Case #159: Rwp is ruled by a king.
Case #160: Imqwspslgvlcsaj is ruled by a king.
Case #161: Chpdnlunmppnlgjznkej is ruled by a king.
Case #162: Ccoi is ruled by a queen.
Case #163: Xtnb is ruled by a king.
Case #164: Nlpt is ruled by a king.
Case #165: Rpaigocfufbubik is ruled by a king.
Case #166: Ltqb is ruled by a king.
Case #167: Qpxhlrnunyfdm is ruled by a king.
Case #168: Piumoiv is ruled by a king.
Case #169: Lkqmbpesi is ruled by a queen.
Case #170: Uqunublmc is ruled by a king.
Case #171: Mqdackdawitxi is ruled by a queen.
Case #172: Rghwlkobw is ruled by a king.
Case #173: Zgbpfr is ruled by a king.
Case #174: Senbppkqtpddbuotbbh is ruled by a king.
Case #175: Uhepdifvfu is ruled by a queen.
Case #176: Pkmcoqhnwnkuewhsqmge is ruled by a queen.
Case #177: Zqsjwatycbmt is ruled by a king.
Case #178: Hrdyyddqnqdoax is ruled by a king.
Case #179: Jecwmkwabhsliex is ruled by a king.
Case #180: Ltcfirjcddn is ruled by a king.
Case #181: Yevslqprlyskrhunljo is ruled by a queen.
Case #182: Meybnua is ruled by a queen.
Case #183: Auritania is ruled by a queen.
Case #184: Tmzzczufvtvfioygkvv is ruled by a king.
Case #185: Qpqwuzifwovyp is ruled by a king.
Case #186: Wdwfcgpxiqvkuytdlcgl is ruled by a king.
Case #187: Wxshxzjywumbffh is ruled by a king.
Case #188: Oplqizkhiqbjtima is ruled by a queen.
Case #189: Xxxxxxxxxy is ruled by nobody.
Case #190: Uzqxstatbzpctthy is ruled by nobody.
Case #191: Baa is ruled by a queen.
Case #192: Ucimicnewdm is ruled by a king.
Case #193: Rvvudneghbctcbxdxe is ruled by a queen.
Case #194: Dmuszlobiokvkwkxlz is ruled by a king.
Case #195: Mvtrrbljptnsnfwzqfjg is ruled by a king.
Case #196: Bmyppphauxnspusgdhiy is ruled by nobody.
Case #197: Pkxlpb is ruled by a king.
Case #198: Mlnozjkpqpxrjxkitzyj is ruled by a king.
Case #199: Dfnnzci is ruled by a queen.
Case #200: Hkgccnaehhsva is ruled by a queen.
Case #201: Qhipbompufpxcx is ruled by a king.
Case #202: Ieazvmwnuu is ruled by a queen.
Case #203: Ttqognrbaiakqx is ruled by a king.
Case #204: Kbwbaamicoqlivnjq is ruled by a king.
Case #205: Pcwmjobmsd is ruled by a king.
Case #206: Bsaqxwpqcacehchzvfri is ruled by a queen.
Case #207: Ulyeimuotehzriicfsku is ruled by a queen.
Case #208: Qmszcixmzkwsqu is ruled by a queen.
Case #209: Axcwnwqp is ruled by a king.
Case #210: Wnmsl is ruled by a king.
Case #211: Agmlejuukwcibxubumer is ruled by a king.
Case #212: Nwxzqny is ruled by nobody.
Case #213: Jmexfqbvut is ruled by a king.
Case #214: Spqoqmsboaguwnnyqxnn is ruled by a king.
Case #215: Meyatdrmydiajxloghis is ruled by a king.
Case #216: Baprk is ruled by a king.
Case #217: Pmzmxwneikzfgtd is ruled by a king.
Case #218: Sokbfuu is ruled by a queen.
Case #219: Mjfcymdrzqzkpgemv is ruled by a king.
Case #220: Mfrtzlqsekejhzksklfd is ruled by a king.
Case #221: Oaosagw is ruled by a king.
Case #222: Dsycqhkr is ruled by a king.
Case #223: Wdvmxxrdryxlmndqtukq is ruled by a king.
Case #224: Pdjslkoo is ruled by a queen.
Case #225: Cwteylwkbyubxruwszsg is ruled by a king.
Case #226: Umoqcdrubetokyxhoacp is ruled by a king.
Case #227: Twapdtutpbztygnsrf is ruled by a king.
Case #228: Ehioxg is ruled by a king.
Case #229: Vypzvjegebeoce is ruled by a queen.
Case #230: Ykgruowzgiooobppleqw is ruled by a king.
Case #231: Esm is ruled by a king.
Case #232: Hsfqut is ruled by a king.
Case #233: Rynqxqqmh is ruled by a king.
Case #234: Xhxclqqedqavdwzoio is ruled by a queen.
Case #235: Fnxnjyeeltzaif is ruled by a king.
Case #236: Remgfkrbcvf is ruled by a king.
Case #237: Vknya is ruled by a queen.
Case #238: Ggkbbipzzrzucxamludv is ruled by a king.
Case #239: Fgvjwdvjjafqzzxlcv is ruled by a king.
Case #240: Mollaristan is ruled by a king.
Case #241: Ucftpwctgv is ruled by a king.
Case #242: Jhdnaywpnbo is ruled by a queen.
Case #243: Nirxq is ruled by a king.
Case #244: Bldbefsarcbynecdyggc is ruled by a king.
Case #245: Tsxdixtigsieehkcf is ruled by a king.
Case #246: Xblhy is ruled by nobody.
Case #247: Yfalpeuuugfrteomqiw is ruled by a king.
Case #248: Xgnjwdxbuusgkma is ruled by a queen.
Case #249: Rbfcriqifpgynkrrefxi is ruled by a queen.
Case #250: Mkwlyiqdchghrk is ruled by a king.
Case #251: Ubzvad is ruled by a king.
Case #252: Xgrujigskmvrzgfwe is ruled by a queen.
Case #253: Stosaodqszkogp is ruled by a king.
Case #254: Opgtqvvhbgsdvivhej is ruled by a king.
Case #255: Jcazxdrtdgyrk is ruled by a king.
Case #256: Wjccgtdoqiscyspqzvud is ruled by a king.
Case #257: Hiddqscdxrjmowfrxsjb is ruled by a king.
Case #258: Vdkbtwhy is ruled by nobody.
Case #259: Ncqgjlaz is ruled by a king.
Case #260: Gyboge is ruled by a queen.
Case #261: Zdnobqcvdeqjystmept is ruled by a king.
Case #262: Kjzsdwssi is ruled by a queen.
Case #263: Syljzlucqxswyqdv is ruled by a king.
Case #264: Qxswkqwgxyazntnac is ruled by a king.
Case #265: Buqcljjivswmdkqtbxif is ruled by a king.
Case #266: Rorzhgsbac is ruled by a king.
Case #267: Wmw is ruled by a king.
Case #268: Qdjhgvzjcukfjjj is ruled by a king.
Case #269: Qaggxc is ruled by a king.
Case #270: Nwk is ruled by a king.
Case #271: Yxntndxqq is ruled by a king.
Case #272: Earhwgfnpau is ruled by a queen.
Case #273: Xpklorellnmpapqfwkhd is ruled by a king.
Case #274: Jkncvkelhf is ruled by a king.
Case #275: Ppxs is ruled by a king.
Case #276: Tyqjg is ruled by a king.
Case #277: Qfwqdjqnqcgdqrns is ruled by a king.
Case #278: Rnivcorhfrqqwnujx is ruled by a king.
Case #279: Sdxngz is ruled by a king.
Case #280: Ipfzwswybgfylqvjzd is ruled by a king.
Case #281: Fiuqbjclvlat is ruled by a king.
Case #282: Hgvwujbqv is ruled by a king.
Case #283: Etvhqnddjeqvuygpp is ruled by a king.
Case #284: Unkttkqtmvanuuvjvu is ruled by a queen.
Case #285: Fojnewk is ruled by a king.
Case #286: Bgwd is ruled by a king.
Case #287: Jyjofeo is ruled by a queen.
Case #288: Yom is ruled by a king.
Case #289: Xlo is ruled by a queen.
Case #290: Pbpiwe is ruled by a queen.
Case #291: Kktvusuiqioo is ruled by a queen.
Case #292: Imkx is ruled by a king.
Case #293: Smouwqhodsgcfohen is ruled by a king.
Case #294: Yfqutozqhmy is ruled by nobody.
Case #295: Dnxjqoyirmirx is ruled by a king.
Case #296: Acbhhkicqcoendtomfgk is ruled by a king.
Case #297: Yyyyyyyx is ruled by a king.
Case #298: Xnupycm is ruled by a king.
Case #299: Wphapjnadqhdcnvwdtxx is ruled by a king.
