Case #1: Jvqgedacirszjzrihhmtunpwtptmrqjcnzjuelymcqnlretbliuhvlgrazdurowhnu is ruled by a queen.
Case #2: Twkxuazcpzuaafthzedorfmmqqktlcyhbigvjfzahvahawozcsouxaipsukgwipztvuebvgiqgpregqhagdzd is ruled by a king.
Case #3: Aaaaaaay is ruled by nobody.
Case #4: Tsfabigfgmxbgryqusuziefojibcnpvjhcjklpstcpuiguydouewzjlkrmmhbkqlmzxzopssgmcnicswxwt is ruled by a king.
Case #5: Lgascavggyth is ruled by a king.
Case #6: Oxnagnbicoyafvvymnwobglgtlagcvfqvssbhvljkjjpegotukhvsudohdujbzbwttxz is ruled by a king.
Case #7: Ucftpwctgtwmxnupycfgcuqunublmoiitncklefszbexrampetvhqnddjeqvuygpnkazqfrpjvoaxdpcwmjobmskskfojnewxgd is ruled by a king.
Case #8: Pontiansizuinrcwmbdhofnslzkkcvvsml is ruled by a king.
Case #9: Tg is ruled by a king.
Case #10: Xqmbfjxjcvudjsuyibyz is ruled by a king.
Case #11: Bldbefsarcbynecdyggc is ruled by a king.
Case #12: Eavaaceazuimydypvmgyxblhppuunkttkqtmvanuuvjvahmvvuvsvhzkywhmgchqvdcqdpmzmxwneikzfgtantnlpwzvahnvkplf is ruled by a king.
Case #13: Hsveymqpxhlrnunyfdzrhbasjeuygafoubutpnimuwfjqsjxvkqdorxxvrwctdsneogvbpkxlpgdirbfcriqifpgynkrrefxsnc is ruled by a king.
Case #14: Iupgyrrkiwfkjzwpsrbsabszqfhzhxarspzqirctpifajbpbusvutpwmudnbcnuweuponrhcz is ruled by a king.
Case #15: Agmlejuukwcibxubumer is ruled by a king.
Case #16: Atytrillkbtpvlofyaetzwyttlofiljkghexspletgvqrjve is ruled by a queen.
Case #17: Fxthwympskqcaibsnutkhtevylciznigkcohccywooaoychlycvfwbcuofepuowfqmouoory is ruled by nobody.
Case #18: Luperciinlqxoctvrindifjkaqvcgaaruryntivitnhjqx is ruled by a king.
Case #19: Fphrfumgrakzmmpclttshmgsnpilgllncteipqqgschfoxjbqcuzrcrerbrzpcnrxa is ruled by a queen.
Case #20: Cb is ruled by a king.
Case #21: Ryvoujjytonrpqveidwauczoycemwonnmkbjvkjoawgrmdvwirwctyquaviylxmyhpjfcstcqbufepbmb is ruled by a king.
Case #22: Idpxmucbqojrghfelnuaangzszhibmcmptjbqnfgcoykyfojskluzuwstdaxqejhyuloiqumguwecnnuzbpzvntoqvliawsatt is ruled by a king.
Case #23: Eibqvithyevzevptnicckpknjhmhakogspypzrwxyuycpoxewzgiqtxzcjgetxkmmkbobanbumdlh is ruled by a king.
Case #24: Grrgtuseurageltkcapwpbqromqawixezqkvlfbhwcocpjmrmbpbegvsuluqtuuvkesvjtdhvtjmexfqbvufdpaxcwnwqjtbplp is ruled by a king.
Case #25: Kyusvneiwjcijajmbzjqiwzfnuhtgoaqmukhjrpfauojwf is ruled by a king.
Case #26: Gqapkdophrispmkptlattjelegorxbufruwdymshdbzvplkiykbuwgfcowtlznsrkpwiba is ruled by a queen.
Case #27: Uwqnly is ruled by nobody.
Case #28: Bfajdiyddtzhwvpo is ruled by a queen.
Case #29: Umoqcdrubetokyxhoacp is ruled by a king.
Case #30: Raaaecthnvggteiysvcpwdausevrqrsjstjwxffkaltvrbulyyaudcqvglowdggxbpvzwalxogufhotioteryvoeicbnljkoahnu is ruled by a queen.
Case #31: Jjfevayzqtlzqiojxybmndxllmxzlwcwgjadjaebvqalaqxxpyjedippvooimtgucixoierfwsrwkqubqfftqwinmxvzsdtwltmz is ruled by a king.
Case #32: Inokxs is ruled by a king.
Case #33: Spckjcazxdrtdgyrqscczybnvqqcqcjitlvcnvbmasidzgwraatzzwpwmfbfjkncvkelhhzjchpdnlunmppnlgjznkewwuysgei is ruled by a queen.
Case #34: Sxcyfbzmsdtvezwlnqiiezhibhaivyroytoduprpukkzmgkzyuhdtolwyoftmwjmpapmrjbmvllhsxhsrqvkhjgfznynjkabi is ruled by a queen.
Case #35: Nqaqhgviudkwfmpxhjvusqdpjcadaanpsnfzwchk is ruled by a king.
Case #36: Akidtykkoxavpefngvketzfpivudgqkgasmvtygjxiemmjzuhlyakfsuh is ruled by a king.
Case #37: Afadrrwsofsbcnuvqhfh is ruled by a king.
Case #38: Vmiwztsxctaqbmgjrvoibhdazfwzdszbgjzferdinfaqthakeqsfzyhyfeyjyxkgijlmdqwswwkrfmcjfwqewadcebneazmkkz is ruled by a king.
Case #39: Pkqtpddbuotbbqcwivrfxjujjddntgeiqvdgaijvwcyaubwewpjvygehljxepbpiwuqzdzubdubzvafspqpqwuzifwovyddwyva is ruled by a queen.
Case #40: P is ruled by a king.
Case #41: C is ruled by a king.
Case #42: Xxxxxxxxxy is ruled by nobody.
Case #43: Xe is ruled by a queen.
Case #44: Ccenrxihcsanbtgxdcttnujvfscrwqtyuynmxwvbqxorquowzhpmdzjlrlcncyoywbmvzhxpenhvivthfivkhfxbqaquyetwiftj is ruled by a king.
Case #45: U is ruled by a queen.
Case #46: Symitjxszjst is ruled by a king.
Case #47: Nwlrbbmqbhcdarzowkka is ruled by a queen.
Case #48: Ej is ruled by a king.
Case #49: Mhtanywebvnakjzewjudthlenlflontbumdimcopxbrhmrlkahqwh is ruled by a king.
Case #50: Tkpzhlejytfauwzrjugcptmrserlhhoaudcboimpdrpaqqrzmxddtqvluoweymgspitfshwwynb is ruled by a king.
Case #51: Swmnckidivxubrjspdplacmetkizbjktfzihjrltoknpdyhsdyfdbrjwdryfbkagjjqscdlj is ruled by a king.
Case #52: Nnofwltwjwnnvbwjckdmeouuzhyvhgvwujbqxxpitcvograiddvhrrdsycqhkleewhxtembaqwqwpqhsuebnvfgvjwdvjjafqze is ruled by a queen.
Case #53: I is ruled by a queen.
Case #54: Ggkbbipzzrzucxamludv is ruled by a king.
Case #55: J is ruled by a king.
Case #56: Meyatdrmydiajxloghis is ruled by a king.
Case #57: Sgcfohesyshmgxwtoayuvnojdjftqtwkbapriujimqwspslgvlcsaqbdbgwtbseettwdnfnbyjvpdjxyuzqxstatbzpctthoofk is ruled by a king.
Case #58: Q is ruled by a king.
Case #59: Xydxphpiqggbgobwsoktwoquqkarzfyyfdxukmfasldbbhxtvhntxdpopf is ruled by a king.
Case #60: Iexpqhmebhhufehespkahcyngbhudzindgevprzqaikfotkiiwkpyjfgmoapnjetrjogcqweajjrevzntkervlzhaaznlfio is ruled by a queen.
Case #61: Zblfbcvehzybemyjkesilaqfzxsmxvvwxh is ruled by a king.
Case #62: Myhvqhtutrskgrtkofjwogsvspjmuusguzdnjyhcrbnxsijiovfcbzavojhkfzsabvnkwwmnxbnskwaarhcuhcqxoxktg is ruled by a king.
Case #63: Ewhtaciohordtqkvwcsm is ruled by a king.
Case #64: Yyyyyyye is ruled by a queen.
Case #65: Ilqeelsstfmkdtatj is ruled by a king.
Case #66: Fq is ruled by a king.
Case #67: Pmjrhfawdibzbfypdksbhtaapzsorbnjpzcxecvjmwjqdjhgvzjcukfjjzacbpnsoppvtleijpynyfvuefyyrdjadjegbsypjomh is ruled by a king.
Case #68: Mdooybtmzhfq is ruled by a king.
Case #69: Vuqivzptlpvooynyapgvswoaosaghrffnxnjyeeltzaizniccozwknwyhzgpqlwfkjqipuujvwtxlbznryjdohbvghmyuiggtyz is ruled by a king.
Case #70: Cmpyxxbrcowakkmpqakixkgciectdjrhvghvgiokykkkuycnymvwydagiy is ruled by nobody.
Case #71: Pbnwikzgtioogoppxqljbwybbtanmomdrzzzkyifjytpmkejcrueovhrohfavrdmqfncfxhowcgiw is ruled by a king.
Case #72: Okiktoxoikr is ruled by a king.
Case #73: Kjyietvszdfknlutlojyseenuxxpohrysqixa is ruled by a queen.
Case #74: Fyllhdqsnnqacyixf is ruled by a king.
Case #75: Itpfesfsqgrxekxcgmtmvvgfqqwspdjxzaddukvlqpkuzjzhwsutpcafsyaibjhammegwbtpqelrnkbldxguzgcseccinlizyogm is ruled by a king.
Case #76: H is ruled by a king.
Case #77: Yecexlgfofozvrgvaw is ruled by a king.
Case #78: Szfvrsiiwejjmfrjsxavygprunykvbdnclitdtccxr is ruled by a king.
Case #79: Nbnfxjkxspbuoiphimjhvgteewbrnhcajqhibugtjjqzrfgctploygteewvrgaupsbztxhohqegkmpmfl is ruled by a king.
Case #80: Kkldyvprszxnea is ruled by a queen.
Case #81: Burczmgyjgfdxvtnunneslsplwuiupfxlzbknhkwppanltcfirjcddsozoyvegurfwcsfmoxeqmrjowrghwlkobmeahkgccnaeb is ruled by a king.
Case #82: Cghiuaphcwfkndmtlbfhsjypdjtrlehokrygrpnq is ruled by a king.
Case #83: Ts is ruled by a king.
Case #84: Dp is ruled by a king.
Case #85: Emgfkrbcvkzvgbofthgojhdnaywpnbitoraaibednezwfpdawlohssvtqtkfvsyljzlucqxswyqdntdmfrtzlqsekejhzksklfl is ruled by a king.
Case #86: M is ruled by a king.
Case #87: Wjjrqopubjguxhxdipfzwswybgfylqvjzharvrlyauuzdrcnjkphclffrkeecbpdipufhidjcxjhrnxcxmjcxohqanxdrmgzebg is ruled by a king.
Case #88: Nuvjtpzvpczqohxuqcjsnelgckmofrculxfemgbdicwyjvsbxetkierlqfbxyetjbyqqgrtrurpfmkhjocwyjpjzunxm is ruled by a king.
Case #89: Wrvtlbmstt is ruled by a king.
Case #90: Qzunpjyavaewleuenzogfnztvyilyyjoxdbmobmmdtipzevmdjskwudusmhqmqgjvhxmklyv is ruled by a king.
Case #91: Faotxngexrfczzdmuszlobiokvkwkxlrxblvotzomeqlftxzlzkbcsqmnciazvrzyeupyvdkbtwhpvgcwteylwkbyubxruwszshg is ruled by a king.
Case #92: Isshfbnpayximjtyurhsbniiwxwbwogfhyomabdazbkokdmgwtyxiggggejcuqjboyqqztrbudpehdd is ruled by a king.
Case #93: Auritania is ruled by a queen.
Case #94: Kugendavhapjmukyexdcsutmutzyvumiosmbxmwfpnodhadnxgpsblevegm is ruled by a king.
Case #95: Peovulclu is ruled by a queen.
Case #96: Eksye is ruled by a queen.
Case #97: Wygvqegpmspgdcjignctxiaonazkxn is ruled by a king.
Case #98: Buqcljjivswmdkqtbxif is ruled by a king.
Case #99: Hxfnyskn is ruled by a king.
Case #100: Qgjhpgpgsfdolb is ruled by a king.
Case #101: Dwesjpdewjiohjqjqynjlchhyxulagmdcrwlgbsfmcvwomfgmtpxxyfywzjb is ruled by a king.
Case #102: Isdnslpavokkovqphekfxiaijmaeugqcbtrvggvdxfnlcdajjnqgm is ruled by a king.
Case #103: Ln is ruled by a king.
Case #104: Hx is ruled by a king.
Case #105: Appzosdikkmlwltxirdioytnfeieepehgvgvqjfavsntfiqnbvxputczznfdcmkkhshxdnzyhormwjcxfbobwrcvehbitnsdgaco is ruled by a queen.
Case #106: Hyxutlxu is ruled by a queen.
Case #107: Gh is ruled by a king.
Case #108: Myxoscnutjmcvcqdgoupocbremuaqsdcsctneihzrvboyrsghmvvpyovkjvadadwcylggshzc is ruled by a king.
Case #109: Mztxqzeesarbxjxaxfftqgsscnlbqclcbebsgfyyhpcebzgagmuxuopxccasfk is ruled by a king.
Case #110: Nqrnvvilstiirmgduyuftzxawvbjrrphjiwffgszzcisqoxlprqkf is ruled by a king.
Case #111: Ybafvxooohlaoujtvwtjifjjpawtdmgbpjilgzbxgmxujipehkppqyyhbwaekjhzspmaqpxwexn is ruled by a king.
Case #112: Qmxrmxjwtiwrogckdldadtkczpfhzikpujhjgqfbbbtrhvcnifnmbaqapyjrgvgdfpmlirnjvgaedetokjcljsnaqzrzuacbpqnr is ruled by a king.
Case #113: Dfmassjmehgkdzylrkbytzhslsfjgmtlrhljbwi is ruled by a queen.
Case #114: Qlhikorgijylbjpbmrdzhxpmwnpffvayihgtyxbgjzumllpxdtxkt is ruled by a king.
Case #115: Yyyyyyyx is ruled by a king.
Case #116: Jp is ruled by a king.
Case #117: Anifmtfxsusuyqzoqxsyjwgkatllbfdesljggpdalxq is ruled by a king.
Case #118: Pkmcoqhnwnkuewhsqmge is ruled by a queen.
Case #119: Tsfukinavknsdmpwnhnqrikbwzltmvyhnfbzopzlbmeebvc is ruled by a king.
Case #120: Qpfvzrmgqtbmsrfzlcjrdpanavfcizdypitqzhysbzettjsgnbxstafvxkxfb is ruled by a king.
Case #121: Edrizaabbtswbbteyatlcwnoiaeovvdbaxlzxlcygwwhzpnzpgkrfahnambyjhzlelkbwobfkxmkmcjbp is ruled by a king.
Case #122: N is ruled by a king.
Case #123: Ljmceyjzysheisgzrmiznqp is ruled by a king.
Case #124: Xr is ruled by a king.
Case #125: Esplweqfmnmymtqreleinkopmfpvomqueghdmxkynwxzqnswaxgnjwdxbuusgkmnqwqdvadiwahoqakqzqgkmlhqfdimnwzgspw is ruled by a king.
Case #126: Bomryahpekexmyx is ruled by a king.
Case #127: Quhmqudwn is ruled by a king.
Case #128: Nbhvjusglrvibgdejgjfihqrpkyoajdpkllvhfeswzaahfeqn is ruled by a king.
Case #129: Zbawlfjfuvcfpwbqxvcyzhhuygjhhltgoteaznhvlkam is ruled by a king.
Case #130: Dbexdjclencogamorkjrphxpvfjhjfymiemnpoyubakjcxawjlpatopotzycgyrocdcstcovfygjxghgsxgnno is ruled by a queen.
Case #131: Lfitnobraglqppepfvryouvrlbaoogoblwwamyrmgeexvjnagebuyynjzoznwnqjlnjzncotiuqefy is ruled by nobody.
Case #132: Fhaoplqizkhiqbjtimitdkxiksxjecwmkwabhslievqvwcqeqaztkydwrbgxdcjpalshgepkzhhvlxcbxdwjccgtdoqiscyspqy is ruled by nobody.
Case #133: C is ruled by a king.
Case #134: Rt is ruled by a king.
Case #135: Jz is ruled by a king.
Case #136: Lgdgwpbtrwblnsadeugo is ruled by a queen.
Case #137: Kk is ruled by a king.
Case #138: Td is ruled by a king.
Case #139: Rywcyhxkjvcxnv is ruled by a king.
Case #140: Z is ruled by a king.
Case #141: Jjhjhxuhltwjinsvadxnfngnhytncaynlixtfrasnwbxlvtlysaffgumhqzjqaydkvwppyjcxmzihuuhmworl is ruled by a king.
Case #142: Bqfspvcoulcvdrzkmkwlyiqdchghrgytzdnobqcvdeqjystmepxcaniewqmoxkjwpymqorluxedvywhcoghotpusfgiestckrpac is ruled by a king.
Case #143: Ii is ruled by a queen.
Case #144: Ecsrescjzjeudlgdckpuuoorzyzqqzgwo is ruled by a queen.
Case #145: Cberrnmixxsyjhovengbpyqrixqgwdrygxrxkfhicainhwilkqmbpeszdigznzxtzqsjwatycbmjawwmninepfduplucltxmkpo is ruled by a queen.
Case #146: Jmjguujzdwdkebvrkyhcnxsoztyynjawxjesfotkmwuszpjjptldqgtrzrqocslabruhfntb is ruled by a king.
Case #147: Kdpvcjdrchppiuyyalrlmbxqzsilfyhpbwmdgrwiaozjixhikawwctndoxotvvkwsxbaoyipmiaufu is ruled by a queen.
Case #148: Nsxrggoqbhxiqsvzzscqutmszfqjnmtaeqtmykcbrzkjuhltznluiyokfhvstouzgqmeaogrqsdmzohydtuotjyysttlknmqdyvk is ruled by a king.
Case #149: Ey is ruled by nobody.
Case #150: S is ruled by a king.
Case #151: Kxwqjhxlbpzbfpzctwwibgbqcmrqwvlgsjxesuptlqvrhuvasrktzmldyv is ruled by a king.
Case #152: R is ruled by a king.
Case #153: Oloaehrltzjahl is ruled by a king.
Case #154: If is ruled by a king.
Case #155: Ibwwhqdrhwzxsfpqadujixytijjjqziaaewjwccfyddqjuijzduhctclemwwlexnkvwizzoyctqlnzxoetyioavsorrbvoqflpqv is ruled by a king.
Case #156: E is ruled by a queen.
Case #157: Oyevslqprlyskrhunljgsoxleuyyfqutozqhmgyetyyepfaesjlkzivdevdllygazxjndjrxhrdyyddqnqdoayshwxshxzjywus is ruled by a king.
Case #158: Qgluzdgoefckaatpdohtgaxdqnlcebpuhapgfxwkcaucbnrgebbmdypuoaysdnnkpesuboedrbhuqbauedghcydsabmeoboffjcw is ruled by a king.
Case #159: Zedicwsodpwtqrpyuearhwgfnpaqelofrsotqiktxipqzeqvlqmuoubbjbrpmixfclbstnosvdkujcpwsdqhxrkiueziowoqjpq is ruled by a king.
Case #160: Xlcxdzncqgjlapopkvxfgvicetcmkbljopgtqvvhbgsdvivhesnkqxmwrqidrvmhlubbryktheyentmrobdeyqcrgluaiihveif is ruled by a king.
Case #161: Npdbltqtmpyyeqtujuiokcowswqyxntndxqqsgkhvihbaawjugagloddktdjizynyoesuozryityjrifximkyrokktvusuiqiou is ruled by a queen.
Case #162: X is ruled by a king.
Case #163: Tvvyppdmrsiufkvtqqvdrnkjbzrddtwwrtwiiaucsdwzpushmomgdyphxgmdbibuq is ruled by a king.
Case #164: Yadayadayada is ruled by a queen.
Case #165: Fmzhlvihjouvsuyoypat is ruled by a king.
Case #166: O is ruled by a queen.
Case #167: T is ruled by a king.
Case #168: Wjrfduujgrkuddsfkjjwqjjoiaptulbquvi is ruled by a queen.
Case #169: K is ruled by a king.
Case #170: Ohepfjoiholrxmihbftoarawdazeoubedgtkpityygpvvafwfymgsmv is ruled by a king.
Case #171: Davhkaq is ruled by a king.
Case #172: Ovidnuokvjrtubzukzdfjtpxphc is ruled by a king.
Case #173: D is ruled by a king.
Case #174: Pxrbxtlajsbezbgnwklcupvag is ruled by a king.
Case #175: Pwccwqguznwmrhyufmvkyszigbuhlsdbofdmu is ruled by a queen.
Case #176: Bffamxdnxjqoyirmirernekxdlicjfqkkvnxuqmszcixmzkwsqoiwyfalpeuuugfrteomqinuqnirxelpstosaodqszkogrfbxt is ruled by a king.
Case #177: B is ruled by a king.
Case #178: Widvislcczswfqemaquaizaffgdzsdtqnwlvrzxts is ruled by a king.
Case #179: Viddxaxazqlbcddgcgoreacixudzyeavofanfxngqyhubmaftqyzqcinylowrotfvusctfijdsdggfnbxnbqsjfqwupokitgcmb is ruled by a king.
Case #180: V is ruled by a king.
Case #181: Brnkilzhsvbwczwtdfvirbosvmjfcymdrzqzkpgemjaojyjofeywimqdackdawitxysjqzncipttncjtjhrtvkwwojbqhjjfkboi is ruled by a queen.
Case #182: Ynsnduwsxbwznvlsbensttmkdceukuiijaxowugtxfuko is ruled by a queen.
Case #183: Bizrkhpciridmtxsgaryvtfrrsowepe is ruled by a queen.
Case #184: Jekrhffcydkjbsnphyrdfcciphajkojvsunbzsezyqiblvquvjxbobjdjjovzyrruettyzswraxexqyszyvnzgsirjeqy is ruled by nobody.
Case #185: Bz is ruled by a king.
Case #186: A is ruled by a queen.
Case #187: Yhdsqaylwpekgzbnvyqnrajrouupxqlxxospqqapgfzmgcbccw is ruled by a king.
Case #188: Y is ruled by nobody.
Case #189: Aaikwgylgayymxymqiqlptbojyycxbyzdijbpimvknvykvkadav is ruled by a king.
Case #190: Ldhzfutgapcnhgminmfjmqbvkgpferlqwupbpikrzoeiusqigvtsouoycfehwrxsmowdyguzubhptazaxsuloikroqamjg is ruled by a king.
Case #191: Ndallxkfytwttvvrpqegaqxogzdqyknlpqyanifldeezbcsv is ruled by a king.
Case #192: Mkfwtvpgahmtynkqeo is ruled by a queen.
Case #193: Lo is ruled by a queen.
Case #194: Zogxyuhqwvctsmoadlcfewbqfibuwnuxdaudvevtbyntmduprwuvuvnbdrvcey is ruled by nobody.
Case #195: Cajjrntivyuqvoyxgytzekswypcptjpvjagaobllzhewwcuebz is ruled by a king.
Case #196: Zglqjvkawmucqdlubpmbqyfhcwmhfoogxzxguhiswdwmiigjzumpuuywsnezdufctcjqmrkiwhwerepqyehsyirqvxryrwbmbmex is ruled by a king.
Case #197: Yadayadayada is ruled by a queen.
Case #198: Fckyatryekijksvusokcyeavwufpctajxkixdbxjmitwcqqxfbbfhbadvfuaaujxfrwkvuuhepdifvfkyhsfiuleafgaapahjwv is ruled by a king.
Case #199: Eyhyaeizqfnqpczugtnjjrfovwqkfqbmqimqpvrfaevrjulppbaysfnpefzlxcxnnkdcfvr is ruled by a king.
Case #200: Yyyyyyy is ruled by nobody.
Case #201: Ieghdncltrryzfmj is ruled by a king.
Case #202: Pxchvczysvdgcxbbiswmeaylzifktmoikssfxtgpojxqiysrsqfwqdjqnqcgdqrnlluieazvmwnuufnnxvloyvgmliuqandlyam is ruled by a king.
Case #203: Xcpnchpafcclxkdgqtpndsqkqsqq is ruled by a king.
Case #204: Kw is ruled by a king.
Case #205: Dxxjyijlmaaqpkculsdlwkqvdigceywjvuswedjsfjivvnpihsudcmyixgkbeju is ruled by a queen.
Case #206: Kduvtmzzczufvtvfioygkvedervvudneghbctcbxdxezrzgbpfhzanffeccbgqfmzjqtlrsppxqiywjobspefujlxnmddurddiyb is ruled by a king.
Case #207: Mpufpxckicaghufczmaccgwigmrqcteqkbwbaamicoqlivnjjoomwkucznvdgztqarsargkwuaheyvohletjqpopdjslkoelfyne is ruled by a queen.
Case #208: Msveudjlcp is ruled by a king.
Case #209: Clzksdnwgzypmxlsqisaceuglvapurnyepkwuavaztqnsbhjlzjoefurcwgznwxtliqfklileyywy is ruled by nobody.
Case #210: Jciekllnpedbpfoyyczqdspxstbkjqjtsuzcfkrwrxygcmfaqgttyitteudnkmgegginsbkjyksbyxdrfwkfhfylzbalqjpyrxms is ruled by a king.
Case #211: Qxoknfhywyogrethphhtrahkcsmjkgpcg is ruled by a king.
Case #212: Fpzeyvkrzajzesteakwvhnwalznmnrbuicygxjxylixrbtvbdrzngxnrwcglujfcmellpkmctltueqvkjuxprmippoajyinmmyxy is ruled by nobody.
Case #213: Hiddqscdxrjmowfrxsjb is ruled by a king.
Case #214: Rlvsuspkydiyjkegwkokpcmkvuhvipvzaquwkjglma is ruled by a queen.
Case #215: W is ruled by a king.
Case #216: Hjqkecapqsidubmecoqnsrulakerofyyrpivrkkheumyxzdzpvmhmjvpvbgf is ruled by a king.
Case #217: Peiysbmrnoqssfvoyxkeglmaygfgihqznazgdmzqcpiuudjucvyjimlivqpdzhfnhevksudvjlrgrcavxzehlrqgjhmjqtyzztjp is ruled by a king.
Case #218: Spxdczzwgdgxqmqmgjwmqkxqdjqvbuatkzwoyxkeascrgufmgezwoyotjgokbqflpdznalsbgwumsbzyhyxvylqhseutd is ruled by a king.
Case #219: Igrbkzqwsfexiogodkjatlqioptlatjkzcllbbhthorpv is ruled by a king.
Case #220: Veundl is ruled by a king.
Case #221: Ulyeimuotehzriicfsku is ruled by a queen.
Case #222: Bsaqxwpqcacehchzvfri is ruled by a queen.
Case #223: Durtkxngqjxgokqxvgarejgqkadhuuayoq is ruled by a king.
Case #224: Zrwxshreerotwpsmgtyjienjbrzggfbiyafqjyv is ruled by a king.
Case #225: Pnrgzdrgoq is ruled by a king.
Case #226: Efpiklgbrgviazktwrjfiooucdihjhdqosayegcxozgoaqjzjtgtjunlzvuleydu is ruled by a queen.
Case #227: Nlmwpmhwdvthsfqueeexgrujigskmvrzgfwvrftwapdtutpbztygnsrxajjngcomikjzsdwssznovdruypcnjulkfuzmxnafamh is ruled by a king.
Case #228: Puxideblevcfdkhorbzevecjmrfzfutworhtxiebgjijtrzu is ruled by a queen.
Case #229: Wphapjnadqhdcnvwdtxx is ruled by a king.
Case #230: Sscheopebsyzagbpcwcbmvuwmrgpixwarajvpycssartgskkqomcjiaxzgnhfljxmsudswvlxogfgsqygebsmh is ruled by a king.
Case #231: Ispfjwhqkapymhcaqtpcdzvrzlbloygyqvfatmseoheapiahdrjgtgyurbfhzlfsjmucymimwmu is ruled by a queen.
Case #232: G is ruled by a king.
Case #233: Rnwpjxgpqkjxbshwlhfxjyjskqkmtqbkn is ruled by a king.
Case #234: Acbhhkicqcoendtomfgk is ruled by a king.
Case #235: Qzlifxcthdgmanjztltanviajschhkdxlrfrohmxmsmmhvodihdvfnxofbxmlclxvrojacjpwxbeurhcbmzgzwwgyvtlzeivxygn is ruled by a king.
Case #236: Orownpgehioxhhfrvqalwdtksslykajataxgpdmyldxukdnftprrumbmemlrowrhwoqntclghlcrorzhgsbaecplpccdyvnxmdx is ruled by a king.
Case #237: Bn is ruled by a king.
Case #238: Twpuwfuhwipyfwkkowpdknedafmhcqzxpqrnyouuwlvbifnybcbnqisspezrwbqls is ruled by a king.
Case #239: Yzmpjevzguiuzzxoiblltwhbdogjogdofpeqvzqcwar is ruled by a king.
Case #240: Ykgruowzgiooobppleqw is ruled by a king.
Case #241: Hl is ruled by a king.
Case #242: Gocfufbubiyrrffmwaeeimidfnnzcphkflpbqsvtdwludsgaungfzoihbxifoprwcjzsdxngtacwtjypweuxvegybogsfxqhipbd is ruled by a king.
Case #243: Bforctuqbjyktmayqnqkhxytarwvdyjfdao is ruled by a queen.
Case #244: Rgvksqnwktiwefmpqczsusnfufarfxgygbjatywgthcamqpcsrumjjufpuwwteubifcbeajzhnzvdrxyismtdgbscp is ruled by a king.
Case #245: Zsnyjvxmnvybinrgngqurtyxuazmvrlumyuvvrjjohmwufchlsbencbieduzwftifpfdgomwvasphwyuoaybw is ruled by a king.
Case #246: F is ruled by a king.
Case #247: Ezkamcppenhkczqjabgdztsjxb is ruled by a king.
Case #248: Uc is ruled by a king.
Case #249: Ovccwcqaycfjeibclzkz is ruled by a king.
Case #250: Zizily is ruled by nobody.
Case #251: Mvtrrbljptnsnfwzqfjg is ruled by a king.
Case #252: Mpfzibgkxinzlgba is ruled by a queen.
Case #253: Qmhbokklgklxdeywnhfepukibqwoxr is ruled by a king.
Case #254: Laevacweowpbajlnlbskamzxiuthdyhpzmkzoiffewggftwruqdxdculxquaobrnndoelvjrrrazkwqgotdrwyevqyveanuy is ruled by nobody.
Case #255: Mollaristan is ruled by a king.
Case #256: Nopyagetjfqiexqroiayrojhjhgiarcpgrniysdhztpfqhwhpyfioopxxvgxniovabdatgjszazsiwzzweiluxirvqqkzefbhidq is ruled by a king.
Case #257: Yyfkroiltuievcffigzrtrvuhcaucj is ruled by a king.
Case #258: Wdwfcgpxiqvkuytdlcgl is ruled by a king.
Case #259: Thxlnfruvtsiuiafprbjgpt is ruled by a king.
Case #260: Jtmujbmf is ruled by a king.
Case #261: Cqjdquxaxvvwenjwsucenpyxchyyfeekwppmjmoijjhoyqkrlpxaexxhhwhmcnybcopnaewkpdyovkhizgjgeiplf is ruled by a king.
Case #262: Yhnjfooslxorlokzlwjunaanuqzqpzqqifzoupifnwyankayhjsujukgklyckqsswtiskrzxpzackccrlxnwrxecifeuvyx is ruled by a king.
Case #263: Jkymoobcqhaaxfalanujmauseehrlgtwsrighlkxtkaqz is ruled by a king.
Case #264: Dm is ruled by a king.
Case #265: Pbxftatuqastvphoahpsdifnxrfbqaghdfoyhhsxhntdcctcmiupqzeqsjrkmzrphfoooioyvjdxnwbzhvqzwuprgibsitjpazfl is ruled by a king.
Case #266: Kivxvitpvhatbezoawnpkwjkpbummzdzhayflrugawcbabrayhrkdcxsdrgsrp is ruled by a king.
Case #267: Yay is ruled by nobody.
Case #268: Dzvznvlkxpxbcivfbzjamznjfjxjgholjllyhwignfhpned is ruled by a king.
Case #269: Jtmuqinntqmihntkddnalwnmsxsatqqeldacnnpjfermrnyuqnwbjjpdjhdeavknykpoxhxclqqedqavdwzoiorrwwxyrhlsrdga is ruled by a queen.
Case #270: Orwladiilxsmhfwedytenocltcsdfusvnognrrvfoqrxvpdyowedmgn is ruled by a king.
Case #271: Xpklorellnmpapqfwkhd is ruled by a king.
Case #272: Baa is ruled by a queen.
Case #273: Hlqcxrzmqebfvgpvjcvpupqfvnlbiodsatuznvldcoixuxudcpvwelbcbodjejdecxgpttuviduecokeefaksa is ruled by a queen.
Case #274: Sv is ruled by a king.
Case #275: Dbfwzeqk is ruled by a king.
Case #276: Fauaosnlnvacsvpiumoiawcqxswkqwgxyazntnaikameybnuqbcqaggxachrynqxqqmlfotpqhvokiiammqmvxjvbsoaifzyxnn is ruled by a king.
Case #277: Wdvmxxrdryxlmndqtukq is ruled by a king.
Case #278: Spqoqmsboaguwnnyqxnn is ruled by a king.
Case #279: Ecwxxbjtnmkjgncpmvauqgtausokbfugjtfiuqbjclvlazamucimicnewdoxjlfuemdadgkhufsuevjaxrnivcorhfrqqwnujqr is ruled by a king.
Case #280: L is ruled by a king.
Case #281: Vu is ruled by a queen.
Case #282: Bmyppphauxnspusgdhiy is ruled by nobody.
Case #283: Tdvapudkbzmgvclzsfpomiat is ruled by a king.
Case #284: Atxkrsdyronxiisbacxkdczwdlevfughpftgxzhpnuoxegagixsnbujffpcmkivbpoimnrddnrcuzdakatxcnjjsanl is ruled by a king.
Case #285: Ktnvywfbocfuchoyammwwjerxoapqiwbblwbjdeygksktijuwxqsiwjhklwbtvcwgaaqfeqlqkykthgpgwkostwfhsgapkh is ruled by a king.
Case #286: Xlbqkbgkdkufpnsr is ruled by a king.
Case #287: Yom is ruled by a king.
Case #288: Qhzsfacoucwekerfmfzrd is ruled by a king.
Case #289: Onexpmmsbaopmdgzqmkqzxuvtqvnxbslqzkglzamzpdnsjolvybwxxttqognrbaiakqllszkhfzconnmoqklpeefsnsmouwqhoj is ruled by a king.
Case #290: Teiexzvxyfvqmmkrfipkdfkammpieisxmaclczlcfgvtsfkypcksjwsxlifpk is ruled by a king.
Case #291: Xitoknueonfdpsxpmaeyubepgociiqehbyxlltrbgxfypepdevdzwiqdyungksqlqnzdjqepnlpfrekwzoxwynbwjqetu is ruled by a queen.
Case #292: Itqtubzqhmwkohckdqywpo is ruled by a queen.
Case #293: Xgqejnbwcgyutq is ruled by a king.
Case #294: Zorfefwofihmozumjkgeilldtosfnorocltisrxxbelrdhdormtaxeftuxyhosxsdtbxkyuoehfkm is ruled by a king.
Case #295: Kntmjmjehzattfixjvrgbnvqamxcomgybcmlowpvvrrqc is ruled by a king.
Case #296: Zyvxknyimezramyjrxwtaxesgurxtfiudfspssxgwzzzlykevhxxgeqmahltovorbiivcfczgdatbkaytxwzdondvazjwpczxkwt is ruled by a king.
Case #297: Ea is ruled by a queen.
Case #298: Kqgqczhndqdphbvaskwghfeep is ruled by a king.
Case #299: Mlnozjkpqpxrjxkitzyj is ruled by a king.
Case #300: Ycygtrgutpdzlp is ruled by a king.
