Case #1: our language is impossible to understand
Case #2: there are twenty six factorial possibilities
Case #3: so it is okay if you want to just give up
Case #4: xoggk d yl wxo vkkvgo ekso uyl wonw sywy
Case #5: xkf yto akj
Case #6: yabba dabba yabba dabba yabba dabba yabba dabba yabba dabba yabba dabba yabba dabba yabba dooooooooo
Case #7: a b c d e f g h i j k l m n o p q r s t u v y w x y z now i know my abcs
Case #8: next time wont you sing with me
Case #9: my name is dug i have just met you and i looove you
Case #10: oh hai im in ur computer eating your cheezburgers and googleresing your textz
Case #11: right i forgot here in the states you call it a sausage in the mouth
Case #12: swift as the wind quiet as the forest steady as the mountain
Case #13: pneumonoultramicroscopicsilicovolcanoconiosis
Case #14: i have bested fruit spike and moon now i shall best you the guy
Case #15: im commander shepard and this is my favorite problem on the google code jam
Case #16: you better cut the pizza in four pieces because im not hungry enough to eat six
Case #17: by the pricking of my thumbs something wicked this way comes
Case #18: translating text is not goros strength
Case #19: strength is goros strength
Case #20: friends dont let friends let scientific progress go boink
Case #21: how are you holding up because im a potato
Case #22: our code jam is like the pythagorean theorem
Case #23: there is no answer
Case #24: each of us has his own special gift and you know this was meant to be true
Case #25: and if you dont underestimate me i wont underestimate you
Case #26: this here is gunpowder activated twenty seven caliber full auto no kickback nailthrowing mayhem
Case #27: oh yeah alright were gonna shake it up with the party bear tonight
Case #28: all your base are belong to error the spoony bard
Case #29: for those who speak in a tongue do not speak to other people
Case #30: nobody understands them since they are speaking mysteries in the spirit
