Case #1: 13524 51324
Case #2: 798 987
Case #3: 123 321
Case #4: 10 10
Case #5: 5 5
Case #6: 999999999 999999999
Case #7: 0 0
Case #8: 10 10
Case #9: 9099999 9999990
Case #10: 139294502 993214502
Case #11: 173452117 775432111
Case #12: 102155104 542151100
Case #13: 104236672 704231662
Case #14: 157482048 887412045
Case #15: 187689259 987689152
Case #16: 122934895 922931845
Case #17: 128754034 827154034
Case #18: 226988077 986282077
Case #19: 300845476 830045476
Case #20: 169848756 968841756
Case #21: 272956348 972456328
Case #22: 27954867 97654827
Case #23: 224585223 824535222
Case #24: 196888762 976888162
Case #25: 306755908 986755300
Case #26: 286277860 886277620
Case #27: 118179107 918177101
Case #28: 183606692 986606312
Case #29: 102727996 972720916
Case #30: 338536400 834536300
Case #31: 575906967 975905667
Case #32: 113877323 813177323
Case #33: 144115363 644115331
Case #34: 223795494 929735424
Case #35: 126713865 826713615
Case #36: 135466572 715466532
Case #37: 109923857 989123057
Case #38: 108421587 858421017
Case #39: 119644154 915644114
Case #40: 263885686 823885666
Case #41: 27078004 87074002
Case #42: 200009029 990002020
Case #43: 304349675 904345673
Case #44: 101839730 901813730
Case #45: 15924058 98124055
Case #46: 137566438 831566437
Case #47: 17429777 91427777
Case #48: 122400250 542200210
Case #49: 239037548 933027548
Case #50: 129060392 929060321
Case #51: 370695574 970645573
Case #52: 174742259 974712254
Case #53: 208886844 808886424
Case #54: 116793289 916793182
Case #55: 114346739 914146733
Case #56: 17965734 97561734
Case #57: 193698193 993698131
Case #58: 200297368 908227360
Case #59: 114353747 734351741
Case #60: 133343270 731343230
Case #61: 137407053 771403053
Case #62: 164921687 964721681
Case #63: 126007349 921007346
Case #64: 118298062 918128062
Case #65: 12753239 92753213
Case #66: 142015044 542014041
Case #67: 105535534 555530134
Case #68: 118355259 981355251
Case #69: 242344656 642244653
Case #70: 176048690 976018640
Case #71: 16761682 86761621
Case #72: 397609664 997604663
Case #73: 124144397 924144371
Case #74: 20426394 90426234
Case #75: 155662982 955612682
Case #76: 120785607 870715602
Case #77: 145578093 945178053
Case #78: 349039537 949037533
Case #79: 374867874 874867473
Case #80: 499967987 999967487
Case #81: 177185755 877715155
Case #82: 172373225 772353221
Case #83: 101263946 902163146
Case #84: 163307878 863307817
Case #85: 171598404 971158404
Case #86: 369689840 969684830
Case #87: 114524629 911524624
Case #88: 117557192 917557112
Case #89: 229970287 929770282
Case #90: 23334877 83734273
Case #91: 269954340 969452340
Case #92: 244558747 844554727
Case #93: 191917667 991617617
Case #94: 263033536 663033523
Case #95: 344669876 964663874
Case #96: 26438949 96432948
Case #97: 114338255 814133255
Case #98: 12106930 96102130
Case #99: 140687092 940187062
Case #100: 306667869 976660863