Case #1: 10 10
Case #2: 119644154 915644114
Case #3: 27954867 97654827
Case #4: 0 0
Case #5: 142015044 542014041
Case #6: 177185755 877715155
Case #7: 12753239 92753213
Case #8: 173452117 775432111
Case #9: 269954340 969452340
Case #10: 118179107 918177101
Case #11: 139294502 993214502
Case #12: 17429777 91427777
Case #13: 9099999 9999990
Case #14: 999999999 999999999
Case #15: 126007349 921007346
Case #16: 101263946 902163146
Case #17: 306755908 986755300
Case #18: 10 10
Case #19: 171598404 971158404
Case #20: 27078004 87074002
