Case #1: 1 1
Case #2: 2 1
Case #3: 2 2
Case #4: 1001 42
Case #5: 70047606 591137401
Case #6: 1 1
Case #7: 1 1
Case #8: 319838403 319838403
Case #9: 407599208 416582650
Case #10: 931707689 601702223
Case #11: 617690761 720720066
Case #12: 837137729 227376481
Case #13: 824539579 949882401
Case #14: 633156245 354441979
Case #15: 116188991 469122262
Case #16: 558565127 312949408
Case #17: 424855816 964380814
Case #18: 678762874 810834988
Case #19: 944478903 247049988
Case #20: 679221065 901403157
Case #21: 568451865 402056534
Case #22: 424370264 960630947
Case #23: 715062585 794279542
Case #24: 149556166 176349646
Case #25: 407453334 785126250
Case #26: 264377506 533391397
Case #27: 788649722 763674423
Case #28: 143957840 638571138
Case #29: 885201846 81012050
Case #30: 9814502 808219050
Case #31: 128185490 648087915
Case #32: 370665806 539919518
Case #33: 109667929 662611179
Case #34: 328184308 627650788
Case #35: 603377488 631844581
Case #36: 992276375 336710496
Case #37: 56103256 467176030
Case #38: 452477938 341584130
Case #39: 704322164 767415875
Case #40: 326766250 712856433
Case #41: 513721593 19870649
Case #42: 940446741 464107227
Case #43: 299357201 465463045
Case #44: 918270667 185042843
Case #45: 133432101 839838061
Case #46: 14099157 687851011
Case #47: 228180963 73438287
Case #48: 942083314 323205961
Case #49: 816502871 4028078
Case #50: 696316964 550429273
Case #51: 65627243 455845943
Case #52: 886784720 966114350
Case #53: 616614881 718512182
Case #54: 838827309 74747751
Case #55: 616119039 957096711
Case #56: 763445604 37769293
Case #57: 914446682 326487736
Case #58: 640809903 497153305
Case #59: 758592999 530342463
Case #60: 483725318 646137453
Case #61: 285278399 723024629
Case #62: 16605071 73744548
Case #63: 927054563 881639757
Case #64: 350000919 14
Case #65: 275736028 844497257
Case #66: 380983406 319827269
Case #67: 250782506 49035108
Case #68: 858463859 925866024
Case #69: 128635484 500668215
Case #70: 410450602 18714029
Case #71: 238405893 720720066
Case #72: 23789578 923029325
Case #73: 507059447 741860141
Case #74: 428961024 264105011
Case #75: 254458120 204820879
Case #76: 798717050 797874213
Case #77: 658595747 24605944
Case #78: 330170277 458247558
Case #79: 150263723 650437050
Case #80: 216067901 112571416
Case #81: 65720917 812467623
Case #82: 460115761 208324196
Case #83: 910296350 834019692
Case #84: 128284947 22214272
Case #85: 839667341 31578719
Case #86: 568486330 666795455
Case #87: 689903668 992420028
Case #88: 914956340 949904131
Case #89: 997814136 441095159
Case #90: 304284048 947787397
Case #91: 896508018 785126250
Case #92: 794540851 361798437
Case #93: 885842866 220639770
Case #94: 132989766 947787397
Case #95: 199657043 899965082
Case #96: 622770288 707003450
Case #97: 165622659 835003284
Case #98: 225795326 523210601
Case #99: 612020853 406955973
Case #100: 694658552 4028078