Case #1:
3
3
3
Case #2:
2
4
4
1
Case #3:
1
1
1
10
10
1
1
1
1
1
Case #4:
10
10
10
10
10
10
10
10
10
10
Case #5:
2
2
2
2
2
2
2
2
2
2
Case #6:
1
10
2
1
1
2
1
1
4
10
Case #7:
10
4
1
10
1
1
3
2
2
1
Case #8:
10
1
2
10
1
2
5
1
2
1
Case #9:
3
10
1
1
2
2
1
1
1
10
Case #10:
6
4
1
10
1
1
1
10
1
1
Case #11:
5
10
1
1
10
1
2
2
1
1
Case #12:
10
1
5
10
2
1
7
1
8
1
Case #13:
4
2
10
3
2
1
1
1
10
2
Case #14:
1
3
10
1
1
2
1
10
1
1
Case #15:
1
1
1
1
10
5
2
1
10
3
Case #16:
2
2
Case #17:
2
1
4
3
6
6
Case #18:
2
7
2
1
7
1
7
Case #19:
4
4
4
1
Case #20:
3
1
2
6
6
6
Case #21:
2
2
Case #22:
7
7
7
2
1
1
1
Case #23:
4
1
4
1
Case #24:
4
4
4
1
Case #25:
1
1
6
6
6
2
Case #26:
5
5
1
2
3
Case #27:
1
2
1
5
5
Case #28:
1
1
7
7
7
2
1
Case #29:
1
1
3
2
8
2
1
8
Case #30:
5
5
1
5
5
Case #31:
1
6
2
1
1
6
Case #32:
6
1
2
1
1
6
Case #33:
4
4
4
1
Case #34:
6
6
2
1
6
1
Case #35:
4
1
4
1
Case #36:
3
3
1
Case #37:
4
1
1
4
Case #38:
2
2
1
3
3
8
1
8
Case #39:
3
1
3
Case #40:
2
2
Case #41:
6
6
1
1
6
1
Case #42:
2
2
Case #43:
1
3
1
9
1
9
9
1
9
Case #44:
1
6
1
2
2
6
2
3
Case #45:
2
5
5
1
2
5
2
Case #46:
6
2
6
3
1
1
Case #47:
1
4
4
1
Case #48:
2
6
6
3
1
6
Case #49:
3
1
6
4
2
3
1
6
1
Case #50:
1
2
1
6
6
6
Case #51:
1
3
9
7
1
1
2
2
9
Case #52:
4
2
1
4
1
3
3
Case #53:
3
1
3
Case #54:
4
4
4
1
Case #55:
2
2
Case #56:
2
2
Case #57:
4
1
2
4
Case #58:
1
5
2
1
1
9
9
9
1
Case #59:
1
6
6
2
1
2
Case #60:
3
3
3
Case #61:
1
8
1
1
2
8
3
4
Case #62:
1
2
4
4
Case #63:
2
1
2
1
7
1
7
Case #64:
2
6
1
6
6
3
Case #65:
1
9
1
1
3
2
9
9
1
Case #66:
1
3
3
Case #67:
5
1
5
1
2
Case #68:
4
4
2
1
Case #69:
9
1
1
9
3
1
9
9
9
Case #70:
7
7
1
7
7
7
1
Case #71:
5
1
4
5
2
5
5
4
1
Case #72:
2
1
1
1
7
1
7
Case #73:
3
3
3
Case #74:
1
8
1
1
1
8
8
1
Case #75:
2
1
2
5
5
1
2
Case #76:
5
4
5
1
1
1
1
1
4
Case #77:
9
1
4
5
1
1
1
9
1
Case #78:
2
1
1
9
5
6
9
1
2
Case #79:
1
3
3
Case #80:
1
2
6
6
1
6
Case #81:
9
2
9
5
1
2
1
1
1
Case #82:
4
2
1
8
8
1
3
1
Case #83:
2
1
5
5
3
Case #84:
1
1
5
8
1
2
8
2
Case #85:
7
2
1
4
1
9
2
9
1
Case #86:
2
2
Case #87:
8
1
4
8
8
2
1
1
Case #88:
3
3
3
Case #89:
1
4
1
4
Case #90:
2
3
3
3
2
Case #91:
6
1
1
2
6
6
Case #92:
2
5
1
1
5
Case #93:
2
2
Case #94:
1
4
4
1
Case #95:
1
5
5
5
1
Case #96:
1
3
3
Case #97:
2
4
1
4
1
4
4
1
Case #98:
3
1
3
Case #99:
3
9
1
9
9
1
2
1
1
Case #100:
1
1
2
4
7
1
7
